{"numTotalTestSuites":1,"numPassedTestSuites":0,"numFailedTestSuites":1,"numPendingTestSuites":0,"numTotalTests":0,"numPassedTests":0,"numFailedTests":0,"numPendingTests":0,"numTodoTests":0,"startTime":1775617338120,"success":false,"testResults":[{"assertionResults":[],"startTime":1775617338120,"endTime":1775617338120,"status":"failed","message":"Failed to resolve entry for package \"@ai-trading/domain\". The package may have incorrect main/module/exports specified in its package.json.","name":"/Users/demiladeolawunmi/IdeaProjects/ai-trading/apps/worker/tests/paperExecutionEngine.test.ts"}]}